<?xml version="1.0" encoding="UTF-8"?>
<testsuite name="com.mycompany.app.properties.CoordinatesTest" tests="5" skipped="0" failures="0" errors="0" timestamp="2024-04-05T18:39:04" hostname="brians-mac.lan" time="0.003">
  <properties/>
  <testcase name="testToString()" classname="com.mycompany.app.properties.CoordinatesTest" time="0.001"/>
  <testcase name="getLongitude()" classname="com.mycompany.app.properties.CoordinatesTest" time="0.0"/>
  <testcase name="getLatitude()" classname="com.mycompany.app.properties.CoordinatesTest" time="0.0"/>
  <testcase name="testHashCode()" classname="com.mycompany.app.properties.CoordinatesTest" time="0.0"/>
  <testcase name="testEquals()" classname="com.mycompany.app.properties.CoordinatesTest" time="0.0"/>
  <system-out><![CDATA[]]></system-out>
  <system-err><![CDATA[]]></system-err>
</testsuite>
