<?xml version="1.0" encoding="UTF-8"?>
<testsuite name="com.mycompany.app.properties.AddressTest" tests="5" skipped="0" failures="0" errors="0" timestamp="2024-04-05T16:23:23" hostname="brians-mac.lan" time="0.002">
  <properties/>
  <testcase name="testToString()" classname="com.mycompany.app.properties.AddressTest" time="0.0"/>
  <testcase name="testGetAddress()" classname="com.mycompany.app.properties.AddressTest" time="0.001"/>
  <testcase name="testGetPostalCode()" classname="com.mycompany.app.properties.AddressTest" time="0.0"/>
  <testcase name="testHashCode()" classname="com.mycompany.app.properties.AddressTest" time="0.0"/>
  <testcase name="testEquals()" classname="com.mycompany.app.properties.AddressTest" time="0.001"/>
  <system-out><![CDATA[]]></system-out>
  <system-err><![CDATA[]]></system-err>
</testsuite>
