<?xml version="1.0" encoding="UTF-8"?>
<testsuite name="com.mycompany.app.CustomPopupTest" tests="4" skipped="0" failures="0" errors="0" timestamp="2024-04-04T21:46:43" hostname="Brians-Mac.local" time="0.01">
  <properties/>
  <testcase name="addNodes()" classname="com.mycompany.app.CustomPopupTest" time="0.007"/>
  <testcase name="addNode()" classname="com.mycompany.app.CustomPopupTest" time="0.0"/>
  <testcase name="generateURLButton()" classname="com.mycompany.app.CustomPopupTest" time="0.0"/>
  <testcase name="launchURL()" classname="com.mycompany.app.CustomPopupTest" time="0.001"/>
  <system-out><![CDATA[]]></system-out>
  <system-err><![CDATA[]]></system-err>
</testsuite>
