<?xml version="1.0" encoding="UTF-8"?>
<testsuite name="com.mycompany.app.utilities.CalculateDistanceTest" tests="5" skipped="0" failures="0" errors="0" timestamp="2024-03-28T21:01:14" hostname="Brians-Mac.local" time="0.016">
  <properties/>
  <testcase name="AssessmentValueStatisticsTest()" classname="com.mycompany.app.utilities.CalculateDistanceTest" time="0.007"/>
  <testcase name="calculateDistance()" classname="com.mycompany.app.utilities.CalculateDistanceTest" time="0.0"/>
  <testcase name="calculateMedianTest()" classname="com.mycompany.app.utilities.CalculateDistanceTest" time="0.0"/>
  <testcase name="averageAssessmentValue()" classname="com.mycompany.app.utilities.CalculateDistanceTest" time="0.008"/>
  <testcase name="averageAssessmentValueWithDataset()" classname="com.mycompany.app.utilities.CalculateDistanceTest" time="0.0"/>
  <system-out><![CDATA[]]></system-out>
  <system-err><![CDATA[]]></system-err>
</testsuite>
