<?xml version="1.0" encoding="UTF-8"?>
<testsuite name="com.mycompany.app.schools.GradeListTest" tests="1" skipped="0" failures="0" errors="0" timestamp="2024-04-02T17:10:29" hostname="brians-mac.lan" time="0.01">
  <properties/>
  <testcase name="testToString()" classname="com.mycompany.app.schools.GradeListTest" time="0.01"/>
  <system-out><![CDATA[]]></system-out>
  <system-err><![CDATA[]]></system-err>
</testsuite>
