<?xml version="1.0" encoding="UTF-8"?>
<testsuite name="com.mycompany.app.residential.ResidenceTest" tests="6" skipped="0" failures="0" errors="0" timestamp="2024-03-28T21:01:14" hostname="Brians-Mac.local" time="0.005">
  <properties/>
  <testcase name="getAccountNumber()" classname="com.mycompany.app.residential.ResidenceTest" time="0.0"/>
  <testcase name="getAssessedValue()" classname="com.mycompany.app.residential.ResidenceTest" time="0.001"/>
  <testcase name="testToString()" classname="com.mycompany.app.residential.ResidenceTest" time="0.003"/>
  <testcase name="testHashCode()" classname="com.mycompany.app.residential.ResidenceTest" time="0.001"/>
  <testcase name="testEquals()" classname="com.mycompany.app.residential.ResidenceTest" time="0.0"/>
  <testcase name="getAssessementClassList()" classname="com.mycompany.app.residential.ResidenceTest" time="0.0"/>
  <system-out><![CDATA[]]></system-out>
  <system-err><![CDATA[]]></system-err>
</testsuite>
