<?xml version="1.0" encoding="UTF-8"?>
<testsuite name="com.mycompany.app.schools.GradeListTest" tests="4" skipped="0" failures="0" errors="0" timestamp="2024-03-31T17:10:31" hostname="Brians-Mac.local" time="0.013">
  <properties/>
  <testcase name="getGradeList()" classname="com.mycompany.app.schools.GradeListTest" time="0.007"/>
  <testcase name="testToString()" classname="com.mycompany.app.schools.GradeListTest" time="0.003"/>
  <testcase name="testHashCode()" classname="com.mycompany.app.schools.GradeListTest" time="0.0"/>
  <testcase name="testEquals()" classname="com.mycompany.app.schools.GradeListTest" time="0.0"/>
  <system-out><![CDATA[]]></system-out>
  <system-err><![CDATA[]]></system-err>
</testsuite>
