<?xml version="1.0" encoding="UTF-8"?>
<testsuite name="com.mycompany.app.utilities.AssessmentValueStatisticsTest" tests="8" skipped="0" failures="0" errors="0" timestamp="2024-04-05T16:23:23" hostname="brians-mac.lan" time="0.012">
  <properties/>
  <testcase name="getMax()" classname="com.mycompany.app.utilities.AssessmentValueStatisticsTest" time="0.0"/>
  <testcase name="getMin()" classname="com.mycompany.app.utilities.AssessmentValueStatisticsTest" time="0.001"/>
  <testcase name="testToString()" classname="com.mycompany.app.utilities.AssessmentValueStatisticsTest" time="0.009"/>
  <testcase name="testGetSize()" classname="com.mycompany.app.utilities.AssessmentValueStatisticsTest" time="0.001"/>
  <testcase name="getAverage()" classname="com.mycompany.app.utilities.AssessmentValueStatisticsTest" time="0.0"/>
  <testcase name="getMedian()" classname="com.mycompany.app.utilities.AssessmentValueStatisticsTest" time="0.0"/>
  <testcase name="testHashCode()" classname="com.mycompany.app.utilities.AssessmentValueStatisticsTest" time="0.0"/>
  <testcase name="testEquals()" classname="com.mycompany.app.utilities.AssessmentValueStatisticsTest" time="0.0"/>
  <system-out><![CDATA[]]></system-out>
  <system-err><![CDATA[]]></system-err>
</testsuite>
