<?xml version="1.0" encoding="UTF-8"?>
<testsuite name="com.mycompany.app.ImportResidencesTest" tests="2" skipped="0" failures="0" errors="0" timestamp="2024-04-05T18:39:04" hostname="brians-mac.lan" time="0.021">
  <properties/>
  <testcase name="readCSV()" classname="com.mycompany.app.ImportResidencesTest" time="0.02"/>
  <testcase name="assessmentClassListHelper()" classname="com.mycompany.app.ImportResidencesTest" time="0.001"/>
  <system-out><![CDATA[]]></system-out>
  <system-err><![CDATA[]]></system-err>
</testsuite>
