<?xml version="1.0" encoding="UTF-8"?>
<testsuite name="com.mycompany.app.utilities.CalculationsTest" tests="5" skipped="0" failures="0" errors="0" timestamp="2024-04-04T21:46:43" hostname="Brians-Mac.local" time="0.009">
  <properties/>
  <testcase name="AssessmentValueStatisticsTest()" classname="com.mycompany.app.utilities.CalculationsTest" time="0.006"/>
  <testcase name="calculateDistance()" classname="com.mycompany.app.utilities.CalculationsTest" time="0.001"/>
  <testcase name="calculateMedianTest()" classname="com.mycompany.app.utilities.CalculationsTest" time="0.0"/>
  <testcase name="averageAssessmentValue()" classname="com.mycompany.app.utilities.CalculationsTest" time="0.002"/>
  <testcase name="averageAssessmentValueWithDataset()" classname="com.mycompany.app.utilities.CalculationsTest" time="0.0"/>
  <system-out><![CDATA[]]></system-out>
  <system-err><![CDATA[]]></system-err>
</testsuite>
