<?xml version="1.0" encoding="UTF-8"?>
<testsuite name="com.mycompany.app.utilities.ExtractorsTest" tests="1" skipped="0" failures="0" errors="0" timestamp="2024-04-05T16:23:23" hostname="brians-mac.lan" time="0.001">
  <properties/>
  <testcase name="uniqueSortedListItems()" classname="com.mycompany.app.utilities.ExtractorsTest" time="0.001"/>
  <system-out><![CDATA[]]></system-out>
  <system-err><![CDATA[]]></system-err>
</testsuite>
